[styleworks.com.ua/lp/aog/index.html]
[backblue.gif]
[fade.gif]
[index.html]
[styleworks.com.ua/lp/aog/css/style.css]
[styleworks.com.ua/lp/aog/css/jquery.fullPage.css]
[styleworks.com.ua/lp/aog/css/chosen.css]
[styleworks.com.ua/lp/aog/css/animate.css]
[styleworks.com.ua/lp/aog/css/bootstrap.css]
[ajax.googleapis.com/ajax/libs/angularjs/1.2.3/angular.min.js]
[styleworks.com.ua/lp/aog/js/jquery-2.1.3.min.js]
[styleworks.com.ua/lp/aog/js/index.js]
[styleworks.com.ua/lp/aog/js/wow.min.js]
[styleworks.com.ua/lp/aog/js/timer/js/jquery.cookie.js]
[styleworks.com.ua/lp/aog/js/bootstrap.js]
[styleworks.com.ua/lp/aog/js/timer/js/timer-script.js]
[styleworks.com.ua/lp/aog/js/chosen/chosen.jquery.js]
[styleworks.com.ua/lp/aog/js/chosen/chosen.js]
[styleworks.com.ua/lp/aog/img/skills.png]
[styleworks.com.ua/lp/aog/img/icon-learn-more.png]
[styleworks.com.ua/lp/aog/img/face.png]
[styleworks.com.ua/lp/aog/index.html]
[styleworks.com.ua/lp/aog/css/bootstrap.css]
[styleworks.com.ua/lp/aog/img/icon-search.png]
[styleworks.com.ua/lp/aog/fonts/Capsuula.ttf]
[styleworks.com.ua/lp/aog/fonts/exo/Exo-ExtraLight.otf]
[styleworks.com.ua/lp/aog/fonts/exo/Exo-Regular.otf]
[styleworks.com.ua/lp/aog/fonts/exo/Exo-Bold.otf]
[styleworks.com.ua/lp/aog/fonts/HelveticaNeueCyr-UltraLight.otf]
[styleworks.com.ua/lp/aog/img/logo.png]
[styleworks.com.ua/lp/aog/img/icon-menu.png]
[styleworks.com.ua/lp/aog/img/login.png]
[styleworks.com.ua/lp/aog/img/header-bg.jpg]
[styleworks.com.ua/lp/aog/img/icon-phone.png]
[styleworks.com.ua/lp/aog/img/icon-request.png]
[styleworks.com.ua/lp/aog/img/icon-ukraine.png]
[styleworks.com.ua/lp/aog/img/icon-dev-database.png]
[styleworks.com.ua/lp/aog/img/icon-gear-request.png]
[styleworks.com.ua/lp/aog/img/icon-gear-clock.png]
[styleworks.com.ua/lp/aog/img/icon-gear-laptop.png]
[styleworks.com.ua/lp/aog/img/icon-gear-thumb.png]
[styleworks.com.ua/lp/aog/img/about-us-bg.jpg]
[styleworks.com.ua/lp/aog/img/icon-about-us.png]
[styleworks.com.ua/lp/aog/img/map-ukraine.png]
[styleworks.com.ua/lp/aog/img/freelancer-bg.png]
[styleworks.com.ua/lp/aog/img/sprite-footter.png]
[styleworks.com.ua/lp/aog/img/sprite-social.png]
[styleworks.com.ua/lp/aog/img/mobile-footter-bg.jpg]
[styleworks.com.ua/lp/aog/img/icon-i.png]
[styleworks.com.ua/lp/aog/img/icon-menu-arrow.png]
[styleworks.com.ua/lp/aog/img/sprite-social-mobile.png]
[styleworks.com.ua/lp/aog/img/about_us/man.png]
[styleworks.com.ua/lp/aog/img/about_us/left-line.png]
[styleworks.com.ua/lp/aog/img/about_us/bottom-line.png]
[styleworks.com.ua/lp/aog/img/about_us/right-line.png]
[styleworks.com.ua/lp/aog/img/icon-menu-mobile.png]
[styleworks.com.ua/lp/aog/img/skills-mobile.png]
[styleworks.com.ua/lp/aog/img/logo-retina.png]
[styleworks.com.ua/lp/aog/img/icon-clock-mobile.jpg]
[styleworks.com.ua/lp/aog/img/curve-arrows.png]
[styleworks.com.ua/lp/aog/img/sprite-social-tablet.png]
[styleworks.com.ua/lp/aog/img/steps-arrow-straight.png]
[styleworks.com.ua/lp/aog/img/popup_sprite.png]
[styleworks.com.ua/lp/aog/img/header-bg-2.jpg]
[styleworks.com.ua/lp/aog/img/login-modal-sprite.png]
[styleworks.com.ua/lp/aog/css/style.css]
[styleworks.com.ua/lp/aog/css/jquery.fullPage.css]
[styleworks.com.ua/lp/aog/css/animate.css]
[styleworks.com.ua/lp/aog/css/chosen-sprite.png]
[styleworks.com.ua/lp/aog/css/chosen-sprite@2x.png]
[styleworks.com.ua/lp/aog/css/chosen.css]
[styleworks.com.ua/lp/aog/js/jquery-2.1.3.min.js]
[styleworks.com.ua/lp/aog/js/bootstrap.js]
[styleworks.com.ua/lp/aog/js/index.js]
[styleworks.com.ua/lp/aog/js/wow.min.js]
[styleworks.com.ua/lp/aog/js/timer/js/jquery.cookie.js]
[styleworks.com.ua/lp/aog/js/timer/js/timer-script.js]
[styleworks.com.ua/lp/aog/js/chosen/chosen.jquery.js]
[styleworks.com.ua/lp/aog/js/chosen/chosen.js]
[styleworks.com.ua/lp/aog/js/app.js]
[styleworks.com.ua/lp/aog/fonts/glyphicons-halflings-regular.html]
[styleworks.com.ua/lp/aog/fonts/glyphicons-halflings-regulard41d.html]
[styleworks.com.ua/lp/aog/fonts/glyphicons-halflings-regular-2.html]
[styleworks.com.ua/lp/aog/fonts/glyphicons-halflings-regular-3.html]
[styleworks.com.ua/lp/aog/fonts/glyphicons-halflings-regular-4.html]
[styleworks.com.ua/lp/aog/fonts/glyphicons-halflings-regular-5.html]
[styleworks.com.ua/lp/aog/Popover requires tooltip.html]
[styleworks.com.ua/lp/aog/Backbone.html]
[styleworks.com.ua/lp/aog/Express.html]
[styleworks.com.ua/lp/aog/Node.html]
